<html>
<head>
<title>TestNG:  Test</title>
<link href="../testng.css" rel="stylesheet" type="text/css" />
<link href="../my-testng.css" rel="stylesheet" type="text/css" />

<style type="text/css">
.log { display: none;} 
.stack-trace { display: none;} 
</style>
<script type="text/javascript">
<!--
function flip(e) {
  current = e.style.display;
  if (current == 'block') {
    e.style.display = 'none';
    return 0;
  }
  else {
    e.style.display = 'block';
    return 1;
  }
}

function toggleBox(szDivId, elem, msg1, msg2)
{
  var res = -1;  if (document.getElementById) {
    res = flip(document.getElementById(szDivId));
  }
  else if (document.all) {
    // this is the way old msie versions work
    res = flip(document.all[szDivId]);
  }
  if(elem) {
    if(res == 0) elem.innerHTML = msg1; else elem.innerHTML = msg2;
  }

}

function toggleAllBoxes() {
  if (document.getElementsByTagName) {
    d = document.getElementsByTagName('div');
    for (i = 0; i < d.length; i++) {
      if (d[i].className == 'log') {
        flip(d[i]);
      }
    }
  }
}

// -->
</script>

</head>
<body>
<h2 align='center'>Test</h2><table border='1' align="center">
<tr>
<td>Tests passed/Failed/Skipped:</td><td>6/0/1</td>
</tr><tr>
<td>Started on:</td><td>Wed Mar 06 20:50:15 IST 2019</td>
</tr>
<tr><td>Total time:</td><td>0 seconds (125 ms)</td>
</tr><tr>
<td>Included groups:</td><td></td>
</tr><tr>
<td>Excluded groups:</td><td></td>
</tr>
</table><p/>
<small><i>(Hover the method name to see the test class name)</i></small><p/>
<table width='100%' border='1' class='invocation-percent'>
<tr><td colspan='4' align='center'><b>FAILED TESTS BUT WITHIN SUCCESS PERCENTAGE</b></td></tr>
<tr><td><b>Test method</b></td>
<td width="30%"><b>Exception</b></td>
<td width="10%"><b>Time (seconds)</b></td>
<td><b>Instance</b></td>
</tr>
<tr>
<td title='com.testng.TNG.ListenerTestClass.test3()'><b>test3</b><br>Test class: com.testng.TNG.ListenerTestClass<br/>
<a href="#Output-1445157774" onClick='toggleBox("Output-1445157774", this, "Show output", "Hide output");'>Show output</a>

<a href="#Output-1445157774" onClick="toggleAllBoxes();">Show all outputs</a>
<div class='log' id="Output-1445157774">
Test is  test3<br/>
Test is passed based on percentage  test3<br/>
</div>
</td>
<td><div><pre>java.lang.AssertionError: expected [8] but found [1]
	at com.testng.TNG.ListenerTestClass.test3(ListenerTestClass.java:27)
... Removed 31 stack frames</pre></div><a href='#' onClick='toggleBox("stack-trace1445157774", this, "Click to show all stack frames", "Click to hide stack frames")'>Click to show all stack frames</a>
<div class='stack-trace' id='stack-trace1445157774'><pre>java.lang.AssertionError: expected [8] but found [1]
	at org.testng.Assert.fail(Assert.java:96)
	at org.testng.Assert.failNotEquals(Assert.java:776)
	at org.testng.Assert.assertEqualsImpl(Assert.java:137)
	at org.testng.Assert.assertEquals(Assert.java:118)
	at org.testng.Assert.assertEquals(Assert.java:652)
	at org.testng.Assert.assertEquals(Assert.java:662)
	at com.testng.TNG.ListenerTestClass.test3(ListenerTestClass.java:27)
	at sun.reflect.NativeMethodAccessorImpl.invoke0(Native Method)
	at sun.reflect.NativeMethodAccessorImpl.invoke(NativeMethodAccessorImpl.java:62)
	at sun.reflect.DelegatingMethodAccessorImpl.invoke(DelegatingMethodAccessorImpl.java:43)
	at java.lang.reflect.Method.invoke(Method.java:498)
	at org.testng.internal.MethodInvocationHelper.invokeMethod(MethodInvocationHelper.java:124)
	at org.testng.internal.Invoker.invokeMethod(Invoker.java:583)
	at org.testng.internal.Invoker.invokeTestMethod(Invoker.java:719)
	at org.testng.internal.Invoker.invokeTestMethods(Invoker.java:989)
	at org.testng.internal.TestMethodWorker.invokeTestMethods(TestMethodWorker.java:125)
	at org.testng.internal.TestMethodWorker.run(TestMethodWorker.java:109)
	at org.testng.TestRunner.privateRun(TestRunner.java:648)
	at org.testng.TestRunner.run(TestRunner.java:505)
	at org.testng.SuiteRunner.runTest(SuiteRunner.java:455)
	at org.testng.SuiteRunner.runSequentially(SuiteRunner.java:450)
	at org.testng.SuiteRunner.privateRun(SuiteRunner.java:415)
	at org.testng.SuiteRunner.run(SuiteRunner.java:364)
	at org.testng.SuiteRunnerWorker.runSuite(SuiteRunnerWorker.java:52)
	at org.testng.SuiteRunnerWorker.run(SuiteRunnerWorker.java:84)
	at org.testng.TestNG.runSuitesSequentially(TestNG.java:1208)
	at org.testng.TestNG.runSuitesLocally(TestNG.java:1137)
	at org.testng.TestNG.runSuites(TestNG.java:1049)
	at org.testng.TestNG.run(TestNG.java:1017)
	at org.testng.remote.AbstractRemoteTestNG.run(AbstractRemoteTestNG.java:114)
	at org.testng.remote.RemoteTestNG.initAndRun(RemoteTestNG.java:251)
	at org.testng.remote.RemoteTestNG.main(RemoteTestNG.java:77)
</pre></div></td>
<td>0</td>
<td>com.testng.TNG.ListenerTestClass@23ceabc1</td></tr>
<tr>
<td title='com.testng.TNG.ListenerTestClass.test3()'><b>test3</b><br>Test class: com.testng.TNG.ListenerTestClass<br/>
<a href="#Output-1383547042" onClick='toggleBox("Output-1383547042", this, "Show output", "Hide output");'>Show output</a>

<a href="#Output-1383547042" onClick="toggleAllBoxes();">Show all outputs</a>
<div class='log' id="Output-1383547042">
Test is  test3<br/>
Test is passed based on percentage  test3<br/>
</div>
</td>
<td><div><pre>java.lang.AssertionError: expected [8] but found [2]
	at com.testng.TNG.ListenerTestClass.test3(ListenerTestClass.java:27)
... Removed 31 stack frames</pre></div><a href='#' onClick='toggleBox("stack-trace1383547042", this, "Click to show all stack frames", "Click to hide stack frames")'>Click to show all stack frames</a>
<div class='stack-trace' id='stack-trace1383547042'><pre>java.lang.AssertionError: expected [8] but found [2]
	at org.testng.Assert.fail(Assert.java:96)
	at org.testng.Assert.failNotEquals(Assert.java:776)
	at org.testng.Assert.assertEqualsImpl(Assert.java:137)
	at org.testng.Assert.assertEquals(Assert.java:118)
	at org.testng.Assert.assertEquals(Assert.java:652)
	at org.testng.Assert.assertEquals(Assert.java:662)
	at com.testng.TNG.ListenerTestClass.test3(ListenerTestClass.java:27)
	at sun.reflect.NativeMethodAccessorImpl.invoke0(Native Method)
	at sun.reflect.NativeMethodAccessorImpl.invoke(NativeMethodAccessorImpl.java:62)
	at sun.reflect.DelegatingMethodAccessorImpl.invoke(DelegatingMethodAccessorImpl.java:43)
	at java.lang.reflect.Method.invoke(Method.java:498)
	at org.testng.internal.MethodInvocationHelper.invokeMethod(MethodInvocationHelper.java:124)
	at org.testng.internal.Invoker.invokeMethod(Invoker.java:583)
	at org.testng.internal.Invoker.invokeTestMethod(Invoker.java:719)
	at org.testng.internal.Invoker.invokeTestMethods(Invoker.java:989)
	at org.testng.internal.TestMethodWorker.invokeTestMethods(TestMethodWorker.java:125)
	at org.testng.internal.TestMethodWorker.run(TestMethodWorker.java:109)
	at org.testng.TestRunner.privateRun(TestRunner.java:648)
	at org.testng.TestRunner.run(TestRunner.java:505)
	at org.testng.SuiteRunner.runTest(SuiteRunner.java:455)
	at org.testng.SuiteRunner.runSequentially(SuiteRunner.java:450)
	at org.testng.SuiteRunner.privateRun(SuiteRunner.java:415)
	at org.testng.SuiteRunner.run(SuiteRunner.java:364)
	at org.testng.SuiteRunnerWorker.runSuite(SuiteRunnerWorker.java:52)
	at org.testng.SuiteRunnerWorker.run(SuiteRunnerWorker.java:84)
	at org.testng.TestNG.runSuitesSequentially(TestNG.java:1208)
	at org.testng.TestNG.runSuitesLocally(TestNG.java:1137)
	at org.testng.TestNG.runSuites(TestNG.java:1049)
	at org.testng.TestNG.run(TestNG.java:1017)
	at org.testng.remote.AbstractRemoteTestNG.run(AbstractRemoteTestNG.java:114)
	at org.testng.remote.RemoteTestNG.initAndRun(RemoteTestNG.java:251)
	at org.testng.remote.RemoteTestNG.main(RemoteTestNG.java:77)
</pre></div></td>
<td>0</td>
<td>com.testng.TNG.ListenerTestClass@23ceabc1</td></tr>
</table><p>
<table width='100%' border='1' class='invocation-passed'>
<tr><td colspan='4' align='center'><b>PASSED TESTS</b></td></tr>
<tr><td><b>Test method</b></td>
<td width="30%"><b>Exception</b></td>
<td width="10%"><b>Time (seconds)</b></td>
<td><b>Instance</b></td>
</tr>
<tr>
<td title='com.testng.TNG.ListenerTestClass.test1()'><b>test1</b><br>Test class: com.testng.TNG.ListenerTestClass<br/>
<a href="#Output-1344645519" onClick='toggleBox("Output-1344645519", this, "Show output", "Hide output");'>Show output</a>

<a href="#Output-1344645519" onClick="toggleAllBoxes();">Show all outputs</a>
<div class='log' id="Output-1344645519">
Test is  test1<br/>
Test passed  test1<br/>
</div>
</td>
<td></td>
<td>0</td>
<td>com.testng.TNG.ListenerTestClass@23ceabc1</td></tr>
<tr>
<td title='com.testng.TNG.ListenerTestClass.test3()'><b>test3</b><br>Test class: com.testng.TNG.ListenerTestClass<br/>
<a href="#Output-3213500" onClick='toggleBox("Output-3213500", this, "Show output", "Hide output");'>Show output</a>

<a href="#Output-3213500" onClick="toggleAllBoxes();">Show all outputs</a>
<div class='log' id="Output-3213500">
Test is  test3<br/>
Test passed  test3<br/>
</div>
</td>
<td></td>
<td>0</td>
<td>com.testng.TNG.ListenerTestClass@23ceabc1</td></tr>
<tr>
<td title='com.testng.TNG.ListenerTestClass.test3()'><b>test3</b><br>Test class: com.testng.TNG.ListenerTestClass<br/>
<a href="#Output-923219673" onClick='toggleBox("Output-923219673", this, "Show output", "Hide output");'>Show output</a>

<a href="#Output-923219673" onClick="toggleAllBoxes();">Show all outputs</a>
<div class='log' id="Output-923219673">
Test is  test3<br/>
Test passed  test3<br/>
</div>
</td>
<td></td>
<td>0</td>
<td>com.testng.TNG.ListenerTestClass@23ceabc1</td></tr>
<tr>
<td title='com.testng.TNG.ListenerTestClass.test3()'><b>test3</b><br>Test class: com.testng.TNG.ListenerTestClass<br/>
<a href="#Output-1604125387" onClick='toggleBox("Output-1604125387", this, "Show output", "Hide output");'>Show output</a>

<a href="#Output-1604125387" onClick="toggleAllBoxes();">Show all outputs</a>
<div class='log' id="Output-1604125387">
Test is  test3<br/>
Test passed  test3<br/>
</div>
</td>
<td></td>
<td>0</td>
<td>com.testng.TNG.ListenerTestClass@23ceabc1</td></tr>
</table><p>
<table width='100%' border='1' class='invocation-skipped'>
<tr><td colspan='4' align='center'><b>SKIPPED TESTS</b></td></tr>
<tr><td><b>Test method</b></td>
<td width="30%"><b>Exception</b></td>
<td width="10%"><b>Time (seconds)</b></td>
<td><b>Instance</b></td>
</tr>
<tr>
<td title='com.testng.TNG.ListenerTestClass.test2()'><b>test2</b><br>Test class: com.testng.TNG.ListenerTestClass<br/>
<a href="#Output-1875308878" onClick='toggleBox("Output-1875308878", this, "Show output", "Hide output");'>Show output</a>

<a href="#Output-1875308878" onClick="toggleAllBoxes();">Show all outputs</a>
<div class='log' id="Output-1875308878">
Test is  test2<br/>
Test Skipped  test2<br/>
</div>
</td>
<td><div><pre>org.testng.SkipException: I am Skipping
	at com.testng.TNG.ListenerTestClass.test2(ListenerTestClass.java:18)
... Removed 25 stack frames</pre></div><a href='#' onClick='toggleBox("stack-trace1875308878", this, "Click to show all stack frames", "Click to hide stack frames")'>Click to show all stack frames</a>
<div class='stack-trace' id='stack-trace1875308878'><pre>org.testng.SkipException: I am Skipping
	at com.testng.TNG.ListenerTestClass.test2(ListenerTestClass.java:18)
	at sun.reflect.NativeMethodAccessorImpl.invoke0(Native Method)
	at sun.reflect.NativeMethodAccessorImpl.invoke(NativeMethodAccessorImpl.java:62)
	at sun.reflect.DelegatingMethodAccessorImpl.invoke(DelegatingMethodAccessorImpl.java:43)
	at java.lang.reflect.Method.invoke(Method.java:498)
	at org.testng.internal.MethodInvocationHelper.invokeMethod(MethodInvocationHelper.java:124)
	at org.testng.internal.Invoker.invokeMethod(Invoker.java:583)
	at org.testng.internal.Invoker.invokeTestMethod(Invoker.java:719)
	at org.testng.internal.Invoker.invokeTestMethods(Invoker.java:989)
	at org.testng.internal.TestMethodWorker.invokeTestMethods(TestMethodWorker.java:125)
	at org.testng.internal.TestMethodWorker.run(TestMethodWorker.java:109)
	at org.testng.TestRunner.privateRun(TestRunner.java:648)
	at org.testng.TestRunner.run(TestRunner.java:505)
	at org.testng.SuiteRunner.runTest(SuiteRunner.java:455)
	at org.testng.SuiteRunner.runSequentially(SuiteRunner.java:450)
	at org.testng.SuiteRunner.privateRun(SuiteRunner.java:415)
	at org.testng.SuiteRunner.run(SuiteRunner.java:364)
	at org.testng.SuiteRunnerWorker.runSuite(SuiteRunnerWorker.java:52)
	at org.testng.SuiteRunnerWorker.run(SuiteRunnerWorker.java:84)
	at org.testng.TestNG.runSuitesSequentially(TestNG.java:1208)
	at org.testng.TestNG.runSuitesLocally(TestNG.java:1137)
	at org.testng.TestNG.runSuites(TestNG.java:1049)
	at org.testng.TestNG.run(TestNG.java:1017)
	at org.testng.remote.AbstractRemoteTestNG.run(AbstractRemoteTestNG.java:114)
	at org.testng.remote.RemoteTestNG.initAndRun(RemoteTestNG.java:251)
	at org.testng.remote.RemoteTestNG.main(RemoteTestNG.java:77)
</pre></div></td>
<td>0</td>
<td>com.testng.TNG.ListenerTestClass@23ceabc1</td></tr>
</table><p>
</body>
</html>